# JRE version: OpenJDK Runtime Environment (8.0_212-b04) (build 1.8.0_212-release-1586-b04)
# Java VM: OpenJDK 64-Bit Server VM (25.212-b04 mixed mode windows-amd64 compressed oops)
Heap:
 PSYoungGen      total 360448K, used 213801K [0x00000000e0000000, 0x00000000fcc80000, 0x0000000100000000)
  eden space 316416K, 54% used [0x00000000e0000000,0x00000000ea9d0a38,0x00000000f3500000)
  from space 44032K, 90% used [0x00000000f3500000,0x00000000f5bf9c60,0x00000000f6000000)
  to   space 49664K, 0% used [0x00000000f9c00000,0x00000000f9c00000,0x00000000fcc80000)
 ParOldGen       total 194048K, used 54945K [0x00000000a0000000, 0x00000000abd80000, 0x00000000e0000000)
  object space 194048K, 28% used [0x00000000a0000000,0x00000000a35a8740,0x00000000abd80000)
 Metaspace       used 100617K, capacity 105660K, committed 105984K, reserved 1140736K
  class space    used 13211K, capacity 14214K, committed 14336K, reserved 1048576K
GC Heap History (10 events):
Event: 10.970 GC heap before
{Heap before GC invocations=15 (full 3):
 PSYoungGen      total 247808K, used 245832K [0x00000000e0000000, 0x00000000f4480000, 0x0000000100000000)
  eden space 225792K, 100% used [0x00000000e0000000,0x00000000edc80000,0x00000000edc80000)
  from space 22016K, 91% used [0x00000000edc80000,0x00000000ef0123d0,0x00000000ef200000)
  to   space 24576K, 0% used [0x00000000f2c80000,0x00000000f2c80000,0x00000000f4480000)
 ParOldGen       total 124928K, used 35165K [0x00000000a0000000, 0x00000000a7a00000, 0x00000000e0000000)
  object space 124928K, 28% used [0x00000000a0000000,0x00000000a22574d8,0x00000000a7a00000)
 Metaspace       used 75657K, capacity 79912K, committed 80128K, reserved 1118208K
  class space    used 10610K, capacity 11409K, committed 11520K, reserved 1048576K
Event: 11.033 GC heap after
Heap after GC invocations=15 (full 3):
 PSYoungGen      total 286720K, used 24571K [0x00000000e0000000, 0x00000000f6c00000, 0x0000000100000000)
  eden space 262144K, 0% used [0x00000000e0000000,0x00000000e0000000,0x00000000f0000000)
  from space 24576K, 99% used [0x00000000f2c80000,0x00000000f447eee8,0x00000000f4480000)
  to   space 45568K, 0% used [0x00000000f0000000,0x00000000f0000000,0x00000000f2c80000)
 ParOldGen       total 124928K, used 82285K [0x00000000a0000000, 0x00000000a7a00000, 0x00000000e0000000)
  object space 124928K, 65% used [0x00000000a0000000,0x00000000a505b6f0,0x00000000a7a00000)
 Metaspace       used 75657K, capacity 79912K, committed 80128K, reserved 1118208K
  class space    used 10610K, capacity 11409K, committed 11520K, reserved 1048576K
}
Event: 416.406 GC heap before
{Heap before GC invocations=16 (full 3):
 PSYoungGen      total 286720K, used 286715K [0x00000000e0000000, 0x00000000f6c00000, 0x0000000100000000)
  eden space 262144K, 100% used [0x00000000e0000000,0x00000000f0000000,0x00000000f0000000)
  from space 24576K, 99% used [0x00000000f2c80000,0x00000000f447eee8,0x00000000f4480000)
  to   space 45568K, 0% used [0x00000000f0000000,0x00000000f0000000,0x00000000f2c80000)
 ParOldGen       total 124928K, used 82285K [0x00000000a0000000, 0x00000000a7a00000, 0x00000000e0000000)
  object space 124928K, 65% used [0x00000000a0000000,0x00000000a505b6f0,0x00000000a7a00000)
 Metaspace       used 82504K, capacity 87186K, committed 87296K, reserved 1124352K
  class space    used 11360K, capacity 12244K, committed 12288K, reserved 1048576K
Event: 416.434 GC heap after
Heap after GC invocations=16 (full 3):
 PSYoungGen      total 307712K, used 20329K [0x00000000e0000000, 0x00000000f8b00000, 0x0000000100000000)
  eden space 262144K, 0% used [0x00000000e0000000,0x00000000e0000000,0x00000000f0000000)
  from space 45568K, 44% used [0x00000000f0000000,0x00000000f13da528,0x00000000f2c80000)
  to   space 44032K, 0% used [0x00000000f6000000,0x00000000f6000000,0x00000000f8b00000)
 ParOldGen       total 124928K, used 104904K [0x00000000a0000000, 0x00000000a7a00000, 0x00000000e0000000)
  object space 124928K, 83% used [0x00000000a0000000,0x00000000a66722c8,0x00000000a7a00000)
 Metaspace       used 82504K, capacity 87186K, committed 87296K, reserved 1124352K
  class space    used 11360K, capacity 12244K, committed 12288K, reserved 1048576K
}
Event: 416.434 GC heap before
{Heap before GC invocations=17 (full 4):
 PSYoungGen      total 307712K, used 20329K [0x00000000e0000000, 0x00000000f8b00000, 0x0000000100000000)
  eden space 262144K, 0% used [0x00000000e0000000,0x00000000e0000000,0x00000000f0000000)
  from space 45568K, 44% used [0x00000000f0000000,0x00000000f13da528,0x00000000f2c80000)
  to   space 44032K, 0% used [0x00000000f6000000,0x00000000f6000000,0x00000000f8b00000)
 ParOldGen       total 124928K, used 104904K [0x00000000a0000000, 0x00000000a7a00000, 0x00000000e0000000)
  object space 124928K, 83% used [0x00000000a0000000,0x00000000a66722c8,0x00000000a7a00000)
 Metaspace       used 82504K, capacity 87186K, committed 87296K, reserved 1124352K
  class space    used 11360K, capacity 12244K, committed 12288K, reserved 1048576K
Event: 416.527 GC heap after
Heap after GC invocations=17 (full 4):
 PSYoungGen      total 307712K, used 0K [0x00000000e0000000, 0x00000000f8b00000, 0x0000000100000000)
  eden space 262144K, 0% used [0x00000000e0000000,0x00000000e0000000,0x00000000f0000000)
  from space 45568K, 0% used [0x00000000f0000000,0x00000000f0000000,0x00000000f2c80000)
  to   space 44032K, 0% used [0x00000000f6000000,0x00000000f6000000,0x00000000f8b00000)
 ParOldGen       total 194048K, used 54929K [0x00000000a0000000, 0x00000000abd80000, 0x00000000e0000000)
  object space 194048K, 28% used [0x00000000a0000000,0x00000000a35a4740,0x00000000abd80000)
 Metaspace       used 81778K, capacity 85204K, committed 87296K, reserved 1124352K
  class space    used 11117K, capacity 11811K, committed 12288K, reserved 1048576K
}
Event: 421.686 GC heap before
{Heap before GC invocations=18 (full 4):
 PSYoungGen      total 307712K, used 262144K [0x00000000e0000000, 0x00000000f8b00000, 0x0000000100000000)
  eden space 262144K, 100% used [0x00000000e0000000,0x00000000f0000000,0x00000000f0000000)
  from space 45568K, 0% used [0x00000000f0000000,0x00000000f0000000,0x00000000f2c80000)
  to   space 44032K, 0% used [0x00000000f6000000,0x00000000f6000000,0x00000000f8b00000)
 ParOldGen       total 194048K, used 54929K [0x00000000a0000000, 0x00000000abd80000, 0x00000000e0000000)
  object space 194048K, 28% used [0x00000000a0000000,0x00000000a35a4740,0x00000000abd80000)
 Metaspace       used 93286K, capacity 97484K, committed 98944K, reserved 1134592K
  class space    used 12466K, capacity 13317K, committed 13696K, reserved 1048576K
Event: 421.702 GC heap after
Heap after GC invocations=18 (full 4):
 PSYoungGen      total 360448K, used 25564K [0x00000000e0000000, 0x00000000f8d00000, 0x0000000100000000)
  eden space 316416K, 0% used [0x00000000e0000000,0x00000000e0000000,0x00000000f3500000)
  from space 44032K, 58% used [0x00000000f6000000,0x00000000f78f7318,0x00000000f8b00000)
  to   space 44032K, 0% used [0x00000000f3500000,0x00000000f3500000,0x00000000f6000000)
 ParOldGen       total 194048K, used 54937K [0x00000000a0000000, 0x00000000abd80000, 0x00000000e0000000)
  object space 194048K, 28% used [0x00000000a0000000,0x00000000a35a6740,0x00000000abd80000)
 Metaspace       used 93286K, capacity 97484K, committed 98944K, reserved 1134592K
  class space    used 12466K, capacity 13317K, committed 13696K, reserved 1048576K
}
Event: 1347.355 GC heap before
{Heap before GC invocations=19 (full 4):
 PSYoungGen      total 360448K, used 341980K [0x00000000e0000000, 0x00000000f8d00000, 0x0000000100000000)
  eden space 316416K, 100% used [0x00000000e0000000,0x00000000f3500000,0x00000000f3500000)
  from space 44032K, 58% used [0x00000000f6000000,0x00000000f78f7318,0x00000000f8b00000)
  to   space 44032K, 0% used [0x00000000f3500000,0x00000000f3500000,0x00000000f6000000)
 ParOldGen       total 194048K, used 54937K [0x00000000a0000000, 0x00000000abd80000, 0x00000000e0000000)
  object space 194048K, 28% used [0x00000000a0000000,0x00000000a35a6740,0x00000000abd80000)
 Metaspace       used 97588K, capacity 102496K, committed 102784K, reserved 1138688K
  class space    used 12928K, capacity 13892K, committed 13952K, reserved 1048576K
Event: 1347.383 GC heap after
Heap after GC invocations=19 (full 4):
 PSYoungGen      total 360448K, used 39911K [0x00000000e0000000, 0x00000000fcc80000, 0x0000000100000000)
  eden space 316416K, 0% used [0x00000000e0000000,0x00000000e0000000,0x00000000f3500000)
  from space 44032K, 90% used [0x00000000f3500000,0x00000000f5bf9c60,0x00000000f6000000)
  to   space 49664K, 0% used [0x00000000f9c00000,0x00000000f9c00000,0x00000000fcc80000)
 ParOldGen       total 194048K, used 54945K [0x00000000a0000000, 0x00000000abd80000, 0x00000000e0000000)
  object space 194048K, 28% used [0x00000000a0000000,0x00000000a35a8740,0x00000000abd80000)
 Metaspace       used 97588K, capacity 102496K, committed 102784K, reserved 1138688K
  class space    used 12928K, capacity 13892K, committed 13952K, reserved 1048576K
}

