# JRE version: OpenJDK Runtime Environment (8.0_212-b04) (build 1.8.0_212-release-1586-b04)
# Java VM: OpenJDK 64-Bit Server VM (25.212-b04 mixed mode windows-amd64 compressed oops)
Heap:
 PSYoungGen      total 52736K, used 33060K [0x00000000d5980000, 0x00000000da480000, 0x0000000100000000)
  eden space 47616K, 69% used [0x00000000d5980000,0x00000000d79c9368,0x00000000d8800000)
  from space 5120K, 0% used [0x00000000d9f80000,0x00000000d9f80000,0x00000000da480000)
  to   space 5120K, 0% used [0x00000000d9a80000,0x00000000d9a80000,0x00000000d9f80000)
 ParOldGen       total 66048K, used 16381K [0x0000000080c00000, 0x0000000084c80000, 0x00000000d5980000)
  object space 66048K, 24% used [0x0000000080c00000,0x0000000081bff5c8,0x0000000084c80000)
 Metaspace       used 36899K, capacity 37479K, committed 37888K, reserved 1083392K
  class space    used 4684K, capacity 4853K, committed 4864K, reserved 1048576K
GC Heap History (10 events):
Event: 2.335 GC heap before
{Heap before GC invocations=4 (full 1):
 PSYoungGen      total 38400K, used 5110K [0x00000000d5980000, 0x00000000da480000, 0x0000000100000000)
  eden space 33280K, 0% used [0x00000000d5980000,0x00000000d5980000,0x00000000d7a00000)
  from space 5120K, 99% used [0x00000000d7a00000,0x00000000d7efd958,0x00000000d7f00000)
  to   space 5120K, 0% used [0x00000000d9f80000,0x00000000d9f80000,0x00000000da480000)
 ParOldGen       total 87552K, used 11639K [0x0000000080c00000, 0x0000000086180000, 0x00000000d5980000)
  object space 87552K, 13% used [0x0000000080c00000,0x000000008175df58,0x0000000086180000)
 Metaspace       used 20762K, capacity 21140K, committed 21296K, reserved 1069056K
  class space    used 2465K, capacity 2623K, committed 2688K, reserved 1048576K
Event: 2.366 GC heap after
Heap after GC invocations=4 (full 1):
 PSYoungGen      total 38400K, used 0K [0x00000000d5980000, 0x00000000da480000, 0x0000000100000000)
  eden space 33280K, 0% used [0x00000000d5980000,0x00000000d5980000,0x00000000d7a00000)
  from space 5120K, 0% used [0x00000000d7a00000,0x00000000d7a00000,0x00000000d7f00000)
  to   space 5120K, 0% used [0x00000000d9f80000,0x00000000d9f80000,0x00000000da480000)
 ParOldGen       total 66048K, used 8860K [0x0000000080c00000, 0x0000000084c80000, 0x00000000d5980000)
  object space 66048K, 13% used [0x0000000080c00000,0x00000000814a7228,0x0000000084c80000)
 Metaspace       used 20762K, capacity 21140K, committed 21296K, reserved 1069056K
  class space    used 2465K, capacity 2623K, committed 2688K, reserved 1048576K
}
Event: 3.218 GC heap before
{Heap before GC invocations=5 (full 1):
 PSYoungGen      total 38400K, used 33280K [0x00000000d5980000, 0x00000000da480000, 0x0000000100000000)
  eden space 33280K, 100% used [0x00000000d5980000,0x00000000d7a00000,0x00000000d7a00000)
  from space 5120K, 0% used [0x00000000d7a00000,0x00000000d7a00000,0x00000000d7f00000)
  to   space 5120K, 0% used [0x00000000d9f80000,0x00000000d9f80000,0x00000000da480000)
 ParOldGen       total 66048K, used 8860K [0x0000000080c00000, 0x0000000084c80000, 0x00000000d5980000)
  object space 66048K, 13% used [0x0000000080c00000,0x00000000814a7228,0x0000000084c80000)
 Metaspace       used 24362K, capacity 24812K, committed 25088K, reserved 1071104K
  class space    used 2922K, capacity 3054K, committed 3072K, reserved 1048576K
Event: 3.224 GC heap after
Heap after GC invocations=5 (full 1):
 PSYoungGen      total 52736K, used 5116K [0x00000000d5980000, 0x00000000da480000, 0x0000000100000000)
  eden space 47616K, 0% used [0x00000000d5980000,0x00000000d5980000,0x00000000d8800000)
  from space 5120K, 99% used [0x00000000d9f80000,0x00000000da47f270,0x00000000da480000)
  to   space 5120K, 0% used [0x00000000d9a80000,0x00000000d9a80000,0x00000000d9f80000)
 ParOldGen       total 66048K, used 11342K [0x0000000080c00000, 0x0000000084c80000, 0x00000000d5980000)
  object space 66048K, 17% used [0x0000000080c00000,0x0000000081713a78,0x0000000084c80000)
 Metaspace       used 24362K, capacity 24812K, committed 25088K, reserved 1071104K
  class space    used 2922K, capacity 3054K, committed 3072K, reserved 1048576K
}
Event: 4.484 GC heap before
{Heap before GC invocations=6 (full 1):
 PSYoungGen      total 52736K, used 52732K [0x00000000d5980000, 0x00000000da480000, 0x0000000100000000)
  eden space 47616K, 100% used [0x00000000d5980000,0x00000000d8800000,0x00000000d8800000)
  from space 5120K, 99% used [0x00000000d9f80000,0x00000000da47f270,0x00000000da480000)
  to   space 5120K, 0% used [0x00000000d9a80000,0x00000000d9a80000,0x00000000d9f80000)
 ParOldGen       total 66048K, used 11342K [0x0000000080c00000, 0x0000000084c80000, 0x00000000d5980000)
  object space 66048K, 17% used [0x0000000080c00000,0x0000000081713a78,0x0000000084c80000)
 Metaspace       used 32387K, capacity 32913K, committed 33280K, reserved 1079296K
  class space    used 4114K, capacity 4246K, committed 4352K, reserved 1048576K
Event: 4.498 GC heap after
Heap after GC invocations=6 (full 1):
 PSYoungGen      total 52736K, used 5090K [0x00000000d5980000, 0x00000000da480000, 0x0000000100000000)
  eden space 47616K, 0% used [0x00000000d5980000,0x00000000d5980000,0x00000000d8800000)
  from space 5120K, 99% used [0x00000000d9a80000,0x00000000d9f78918,0x00000000d9f80000)
  to   space 5120K, 0% used [0x00000000d9f80000,0x00000000d9f80000,0x00000000da480000)
 ParOldGen       total 66048K, used 22983K [0x0000000080c00000, 0x0000000084c80000, 0x00000000d5980000)
  object space 66048K, 34% used [0x0000000080c00000,0x0000000082271e70,0x0000000084c80000)
 Metaspace       used 32387K, capacity 32913K, committed 33280K, reserved 1079296K
  class space    used 4114K, capacity 4246K, committed 4352K, reserved 1048576K
}
Event: 4.865 GC heap before
{Heap before GC invocations=7 (full 1):
 PSYoungGen      total 52736K, used 14526K [0x00000000d5980000, 0x00000000da480000, 0x0000000100000000)
  eden space 47616K, 19% used [0x00000000d5980000,0x00000000d62b70a0,0x00000000d8800000)
  from space 5120K, 99% used [0x00000000d9a80000,0x00000000d9f78918,0x00000000d9f80000)
  to   space 5120K, 0% used [0x00000000d9f80000,0x00000000d9f80000,0x00000000da480000)
 ParOldGen       total 66048K, used 22983K [0x0000000080c00000, 0x0000000084c80000, 0x00000000d5980000)
  object space 66048K, 34% used [0x0000000080c00000,0x0000000082271e70,0x0000000084c80000)
 Metaspace       used 34699K, capacity 35289K, committed 35496K, reserved 1081344K
  class space    used 4434K, capacity 4592K, committed 4608K, reserved 1048576K
Event: 4.873 GC heap after
Heap after GC invocations=7 (full 1):
 PSYoungGen      total 52736K, used 5099K [0x00000000d5980000, 0x00000000da480000, 0x0000000100000000)
  eden space 47616K, 0% used [0x00000000d5980000,0x00000000d5980000,0x00000000d8800000)
  from space 5120K, 99% used [0x00000000d9f80000,0x00000000da47add8,0x00000000da480000)
  to   space 5120K, 0% used [0x00000000d9a80000,0x00000000d9a80000,0x00000000d9f80000)
 ParOldGen       total 66048K, used 25307K [0x0000000080c00000, 0x0000000084c80000, 0x00000000d5980000)
  object space 66048K, 38% used [0x0000000080c00000,0x00000000824b6c00,0x0000000084c80000)
 Metaspace       used 34699K, capacity 35289K, committed 35496K, reserved 1081344K
  class space    used 4434K, capacity 4592K, committed 4608K, reserved 1048576K
}
Event: 4.873 GC heap before
{Heap before GC invocations=8 (full 2):
 PSYoungGen      total 52736K, used 5099K [0x00000000d5980000, 0x00000000da480000, 0x0000000100000000)
  eden space 47616K, 0% used [0x00000000d5980000,0x00000000d5980000,0x00000000d8800000)
  from space 5120K, 99% used [0x00000000d9f80000,0x00000000da47add8,0x00000000da480000)
  to   space 5120K, 0% used [0x00000000d9a80000,0x00000000d9a80000,0x00000000d9f80000)
 ParOldGen       total 66048K, used 25307K [0x0000000080c00000, 0x0000000084c80000, 0x00000000d5980000)
  object space 66048K, 38% used [0x0000000080c00000,0x00000000824b6c00,0x0000000084c80000)
 Metaspace       used 34699K, capacity 35289K, committed 35496K, reserved 1081344K
  class space    used 4434K, capacity 4592K, committed 4608K, reserved 1048576K
Event: 4.927 GC heap after
Heap after GC invocations=8 (full 2):
 PSYoungGen      total 52736K, used 0K [0x00000000d5980000, 0x00000000da480000, 0x0000000100000000)
  eden space 47616K, 0% used [0x00000000d5980000,0x00000000d5980000,0x00000000d8800000)
  from space 5120K, 0% used [0x00000000d9f80000,0x00000000d9f80000,0x00000000da480000)
  to   space 5120K, 0% used [0x00000000d9a80000,0x00000000d9a80000,0x00000000d9f80000)
 ParOldGen       total 66048K, used 16381K [0x0000000080c00000, 0x0000000084c80000, 0x00000000d5980000)
  object space 66048K, 24% used [0x0000000080c00000,0x0000000081bff5c8,0x0000000084c80000)
 Metaspace       used 34699K, capacity 35289K, committed 35496K, reserved 1081344K
  class space    used 4434K, capacity 4592K, committed 4608K, reserved 1048576K
}

