# JRE version: OpenJDK Runtime Environment (8.0_212-b04) (build 1.8.0_212-release-1586-b04)
# Java VM: OpenJDK 64-Bit Server VM (25.212-b04 mixed mode windows-amd64 compressed oops)
Heap:
 PSYoungGen      total 394240K, used 223352K [0x00000000e0000000, 0x0000000100000000, 0x0000000100000000)
  eden space 333824K, 66% used [0x00000000e0000000,0x00000000eda1e350,0x00000000f4600000)
  from space 60416K, 0% used [0x00000000f9900000,0x00000000f9900000,0x00000000fd400000)
  to   space 84992K, 0% used [0x00000000f4600000,0x00000000f4600000,0x00000000f9900000)
 ParOldGen       total 157184K, used 68896K [0x00000000a0000000, 0x00000000a9980000, 0x00000000e0000000)
  object space 157184K, 43% used [0x00000000a0000000,0x00000000a43483a0,0x00000000a9980000)
 Metaspace       used 100233K, capacity 104652K, committed 108032K, reserved 1142784K
  class space    used 12945K, capacity 13789K, committed 14592K, reserved 1048576K
GC Heap History (10 events):
Event: 174.609 GC heap before
{Heap before GC invocations=21 (full 3):
 PSYoungGen      total 297472K, used 269272K [0x00000000e0000000, 0x00000000f7a00000, 0x0000000100000000)
  eden space 250368K, 100% used [0x00000000e0000000,0x00000000ef480000,0x00000000ef480000)
  from space 47104K, 40% used [0x00000000ef480000,0x00000000f06f6078,0x00000000f2280000)
  to   space 44544K, 0% used [0x00000000f4e80000,0x00000000f4e80000,0x00000000f7a00000)
 ParOldGen       total 157184K, used 74390K [0x00000000a0000000, 0x00000000a9980000, 0x00000000e0000000)
  object space 157184K, 47% used [0x00000000a0000000,0x00000000a48a5b78,0x00000000a9980000)
 Metaspace       used 90622K, capacity 97052K, committed 97280K, reserved 1132544K
  class space    used 12199K, capacity 13283K, committed 13312K, reserved 1048576K
Event: 174.622 GC heap after
Heap after GC invocations=21 (full 3):
 PSYoungGen      total 331264K, used 17116K [0x00000000e0000000, 0x00000000f7300000, 0x0000000100000000)
  eden space 293888K, 0% used [0x00000000e0000000,0x00000000e0000000,0x00000000f1f00000)
  from space 37376K, 45% used [0x00000000f4e80000,0x00000000f5f37188,0x00000000f7300000)
  to   space 43008K, 0% used [0x00000000f1f00000,0x00000000f1f00000,0x00000000f4900000)
 ParOldGen       total 157184K, used 74398K [0x00000000a0000000, 0x00000000a9980000, 0x00000000e0000000)
  object space 157184K, 47% used [0x00000000a0000000,0x00000000a48a7b78,0x00000000a9980000)
 Metaspace       used 90622K, capacity 97052K, committed 97280K, reserved 1132544K
  class space    used 12199K, capacity 13283K, committed 13312K, reserved 1048576K
}
Event: 176.095 GC heap before
{Heap before GC invocations=22 (full 3):
 PSYoungGen      total 331264K, used 306970K [0x00000000e0000000, 0x00000000f7300000, 0x0000000100000000)
  eden space 293888K, 98% used [0x00000000e0000000,0x00000000f1b0f9e8,0x00000000f1f00000)
  from space 37376K, 45% used [0x00000000f4e80000,0x00000000f5f37188,0x00000000f7300000)
  to   space 43008K, 0% used [0x00000000f1f00000,0x00000000f1f00000,0x00000000f4900000)
 ParOldGen       total 157184K, used 74398K [0x00000000a0000000, 0x00000000a9980000, 0x00000000e0000000)
  object space 157184K, 47% used [0x00000000a0000000,0x00000000a48a7b78,0x00000000a9980000)
 Metaspace       used 91573K, capacity 98242K, committed 98432K, reserved 1134592K
  class space    used 12278K, capacity 13416K, committed 13440K, reserved 1048576K
Event: 176.255 GC heap after
Heap after GC invocations=22 (full 3):
 PSYoungGen      total 336896K, used 42978K [0x00000000e0000000, 0x00000000fd400000, 0x0000000100000000)
  eden space 293888K, 0% used [0x00000000e0000000,0x00000000e0000000,0x00000000f1f00000)
  from space 43008K, 99% used [0x00000000f1f00000,0x00000000f48f89d8,0x00000000f4900000)
  to   space 60416K, 0% used [0x00000000f9900000,0x00000000f9900000,0x00000000fd400000)
 ParOldGen       total 157184K, used 105185K [0x00000000a0000000, 0x00000000a9980000, 0x00000000e0000000)
  object space 157184K, 66% used [0x00000000a0000000,0x00000000a66b8788,0x00000000a9980000)
 Metaspace       used 91573K, capacity 98242K, committed 98432K, reserved 1134592K
  class space    used 12278K, capacity 13416K, committed 13440K, reserved 1048576K
}
Event: 178.374 GC heap before
{Heap before GC invocations=23 (full 3):
 PSYoungGen      total 336896K, used 336866K [0x00000000e0000000, 0x00000000fd400000, 0x0000000100000000)
  eden space 293888K, 100% used [0x00000000e0000000,0x00000000f1f00000,0x00000000f1f00000)
  from space 43008K, 99% used [0x00000000f1f00000,0x00000000f48f89d8,0x00000000f4900000)
  to   space 60416K, 0% used [0x00000000f9900000,0x00000000f9900000,0x00000000fd400000)
 ParOldGen       total 157184K, used 105185K [0x00000000a0000000, 0x00000000a9980000, 0x00000000e0000000)
  object space 157184K, 66% used [0x00000000a0000000,0x00000000a66b8788,0x00000000a9980000)
 Metaspace       used 91629K, capacity 98314K, committed 98432K, reserved 1134592K
  class space    used 12279K, capacity 13416K, committed 13440K, reserved 1048576K
Event: 178.622 GC heap after
Heap after GC invocations=23 (full 3):
 PSYoungGen      total 394240K, used 60388K [0x00000000e0000000, 0x0000000100000000, 0x0000000100000000)
  eden space 333824K, 0% used [0x00000000e0000000,0x00000000e0000000,0x00000000f4600000)
  from space 60416K, 99% used [0x00000000f9900000,0x00000000fd3f9340,0x00000000fd400000)
  to   space 84992K, 0% used [0x00000000f4600000,0x00000000f4600000,0x00000000f9900000)
 ParOldGen       total 157184K, used 145018K [0x00000000a0000000, 0x00000000a9980000, 0x00000000e0000000)
  object space 157184K, 92% used [0x00000000a0000000,0x00000000a8d9eaf8,0x00000000a9980000)
 Metaspace       used 91629K, capacity 98314K, committed 98432K, reserved 1134592K
  class space    used 12279K, capacity 13416K, committed 13440K, reserved 1048576K
}
Event: 178.622 GC heap before
{Heap before GC invocations=24 (full 4):
 PSYoungGen      total 394240K, used 60388K [0x00000000e0000000, 0x0000000100000000, 0x0000000100000000)
  eden space 333824K, 0% used [0x00000000e0000000,0x00000000e0000000,0x00000000f4600000)
  from space 60416K, 99% used [0x00000000f9900000,0x00000000fd3f9340,0x00000000fd400000)
  to   space 84992K, 0% used [0x00000000f4600000,0x00000000f4600000,0x00000000f9900000)
 ParOldGen       total 157184K, used 145018K [0x00000000a0000000, 0x00000000a9980000, 0x00000000e0000000)
  object space 157184K, 92% used [0x00000000a0000000,0x00000000a8d9eaf8,0x00000000a9980000)
 Metaspace       used 91629K, capacity 98314K, committed 98432K, reserved 1134592K
  class space    used 12279K, capacity 13416K, committed 13440K, reserved 1048576K
Event: 180.052 GC heap after
Heap after GC invocations=24 (full 4):
 PSYoungGen      total 394240K, used 0K [0x00000000e0000000, 0x0000000100000000, 0x0000000100000000)
  eden space 333824K, 0% used [0x00000000e0000000,0x00000000e0000000,0x00000000f4600000)
  from space 60416K, 0% used [0x00000000f9900000,0x00000000f9900000,0x00000000fd400000)
  to   space 84992K, 0% used [0x00000000f4600000,0x00000000f4600000,0x00000000f9900000)
 ParOldGen       total 157184K, used 130583K [0x00000000a0000000, 0x00000000a9980000, 0x00000000e0000000)
  object space 157184K, 83% used [0x00000000a0000000,0x00000000a7f85c58,0x00000000a9980000)
 Metaspace       used 89752K, capacity 93540K, committed 98432K, reserved 1134592K
  class space    used 11714K, capacity 12421K, committed 13440K, reserved 1048576K
}
Event: 354.079 GC heap before
{Heap before GC invocations=25 (full 5):
 PSYoungGen      total 394240K, used 333824K [0x00000000e0000000, 0x0000000100000000, 0x0000000100000000)
  eden space 333824K, 100% used [0x00000000e0000000,0x00000000f4600000,0x00000000f4600000)
  from space 60416K, 0% used [0x00000000f9900000,0x00000000f9900000,0x00000000fd400000)
  to   space 84992K, 0% used [0x00000000f4600000,0x00000000f4600000,0x00000000f9900000)
 ParOldGen       total 157184K, used 130583K [0x00000000a0000000, 0x00000000a9980000, 0x00000000e0000000)
  object space 157184K, 83% used [0x00000000a0000000,0x00000000a7f85c58,0x00000000a9980000)
 Metaspace       used 96055K, capacity 100420K, committed 104064K, reserved 1138688K
  class space    used 12528K, capacity 13331K, committed 14208K, reserved 1048576K
Event: 354.688 GC heap after
Heap after GC invocations=25 (full 5):
 PSYoungGen      total 394240K, used 0K [0x00000000e0000000, 0x0000000100000000, 0x0000000100000000)
  eden space 333824K, 0% used [0x00000000e0000000,0x00000000e0000000,0x00000000f4600000)
  from space 60416K, 0% used [0x00000000f9900000,0x00000000f9900000,0x00000000fd400000)
  to   space 84992K, 0% used [0x00000000f4600000,0x00000000f4600000,0x00000000f9900000)
 ParOldGen       total 157184K, used 68896K [0x00000000a0000000, 0x00000000a9980000, 0x00000000e0000000)
  object space 157184K, 43% used [0x00000000a0000000,0x00000000a43483a0,0x00000000a9980000)
 Metaspace       used 96029K, capacity 100332K, committed 104064K, reserved 1138688K
  class space    used 12521K, capacity 13323K, committed 14208K, reserved 1048576K
}

