# JRE version: OpenJDK Runtime Environment (8.0_212-b04) (build 1.8.0_212-release-1586-b04)
# Java VM: OpenJDK 64-Bit Server VM (25.212-b04 mixed mode windows-amd64 compressed oops)
Heap:
 PSYoungGen      total 76800K, used 62855K [0x00000000e0000000, 0x00000000e5800000, 0x0000000100000000)
  eden space 65024K, 84% used [0x00000000e0000000,0x00000000e35771a0,0x00000000e3f80000)
  from space 11776K, 68% used [0x00000000e3f80000,0x00000000e476ab30,0x00000000e4b00000)
  to   space 10240K, 0% used [0x00000000e4b00000,0x00000000e4b00000,0x00000000e5500000)
 ParOldGen       total 60416K, used 9969K [0x00000000a0000000, 0x00000000a3b00000, 0x00000000e0000000)
  object space 60416K, 16% used [0x00000000a0000000,0x00000000a09bc670,0x00000000a3b00000)
 Metaspace       used 31589K, capacity 32280K, committed 32512K, reserved 1077248K
  class space    used 4311K, capacity 4499K, committed 4608K, reserved 1048576K
GC Heap History (10 events):
Event: 1.937 GC heap before
{Heap before GC invocations=4 (full 0):
 PSYoungGen      total 38400K, used 38384K [0x00000000e0000000, 0x00000000e2a80000, 0x0000000100000000)
  eden space 33280K, 100% used [0x00000000e0000000,0x00000000e2080000,0x00000000e2080000)
  from space 5120K, 99% used [0x00000000e2080000,0x00000000e257c010,0x00000000e2580000)
  to   space 5120K, 0% used [0x00000000e2580000,0x00000000e2580000,0x00000000e2a80000)
 ParOldGen       total 87552K, used 1210K [0x00000000a0000000, 0x00000000a5580000, 0x00000000e0000000)
  object space 87552K, 1% used [0x00000000a0000000,0x00000000a012ea18,0x00000000a5580000)
 Metaspace       used 14598K, capacity 15054K, committed 15232K, reserved 1062912K
  class space    used 2027K, capacity 2163K, committed 2176K, reserved 1048576K
Event: 1.945 GC heap after
Heap after GC invocations=4 (full 0):
 PSYoungGen      total 38400K, used 5104K [0x00000000e0000000, 0x00000000e4b00000, 0x0000000100000000)
  eden space 33280K, 0% used [0x00000000e0000000,0x00000000e0000000,0x00000000e2080000)
  from space 5120K, 99% used [0x00000000e2580000,0x00000000e2a7c050,0x00000000e2a80000)
  to   space 5120K, 0% used [0x00000000e2080000,0x00000000e2080000,0x00000000e2580000)
 ParOldGen       total 87552K, used 3864K [0x00000000a0000000, 0x00000000a5580000, 0x00000000e0000000)
  object space 87552K, 4% used [0x00000000a0000000,0x00000000a03c6338,0x00000000a5580000)
 Metaspace       used 14598K, capacity 15054K, committed 15232K, reserved 1062912K
  class space    used 2027K, capacity 2163K, committed 2176K, reserved 1048576K
}
Event: 2.230 GC heap before
{Heap before GC invocations=5 (full 0):
 PSYoungGen      total 38400K, used 38384K [0x00000000e0000000, 0x00000000e4b00000, 0x0000000100000000)
  eden space 33280K, 100% used [0x00000000e0000000,0x00000000e2080000,0x00000000e2080000)
  from space 5120K, 99% used [0x00000000e2580000,0x00000000e2a7c050,0x00000000e2a80000)
  to   space 5120K, 0% used [0x00000000e2080000,0x00000000e2080000,0x00000000e2580000)
 ParOldGen       total 87552K, used 3864K [0x00000000a0000000, 0x00000000a5580000, 0x00000000e0000000)
  object space 87552K, 4% used [0x00000000a0000000,0x00000000a03c6338,0x00000000a5580000)
 Metaspace       used 17295K, capacity 17850K, committed 18048K, reserved 1064960K
  class space    used 2480K, capacity 2631K, committed 2688K, reserved 1048576K
Event: 2.237 GC heap after
Heap after GC invocations=5 (full 0):
 PSYoungGen      total 38400K, used 5088K [0x00000000e0000000, 0x00000000e5500000, 0x0000000100000000)
  eden space 33280K, 0% used [0x00000000e0000000,0x00000000e0000000,0x00000000e2080000)
  from space 5120K, 99% used [0x00000000e2080000,0x00000000e2578020,0x00000000e2580000)
  to   space 10240K, 0% used [0x00000000e4b00000,0x00000000e4b00000,0x00000000e5500000)
 ParOldGen       total 87552K, used 7203K [0x00000000a0000000, 0x00000000a5580000, 0x00000000e0000000)
  object space 87552K, 8% used [0x00000000a0000000,0x00000000a0708f18,0x00000000a5580000)
 Metaspace       used 17295K, capacity 17850K, committed 18048K, reserved 1064960K
  class space    used 2480K, capacity 2631K, committed 2688K, reserved 1048576K
}
Event: 2.554 GC heap before
{Heap before GC invocations=6 (full 0):
 PSYoungGen      total 38400K, used 37755K [0x00000000e0000000, 0x00000000e5500000, 0x0000000100000000)
  eden space 33280K, 98% used [0x00000000e0000000,0x00000000e1fe6be8,0x00000000e2080000)
  from space 5120K, 99% used [0x00000000e2080000,0x00000000e2578020,0x00000000e2580000)
  to   space 10240K, 0% used [0x00000000e4b00000,0x00000000e4b00000,0x00000000e5500000)
 ParOldGen       total 87552K, used 7203K [0x00000000a0000000, 0x00000000a5580000, 0x00000000e0000000)
  object space 87552K, 8% used [0x00000000a0000000,0x00000000a0708f18,0x00000000a5580000)
 Metaspace       used 20682K, capacity 21214K, committed 21296K, reserved 1067008K
  class space    used 2985K, capacity 3165K, committed 3200K, reserved 1048576K
Event: 2.561 GC heap after
Heap after GC invocations=6 (full 0):
 PSYoungGen      total 75264K, used 9383K [0x00000000e0000000, 0x00000000e5800000, 0x0000000100000000)
  eden space 65024K, 0% used [0x00000000e0000000,0x00000000e0000000,0x00000000e3f80000)
  from space 10240K, 91% used [0x00000000e4b00000,0x00000000e5429c78,0x00000000e5500000)
  to   space 11776K, 0% used [0x00000000e3f80000,0x00000000e3f80000,0x00000000e4b00000)
 ParOldGen       total 87552K, used 7211K [0x00000000a0000000, 0x00000000a5580000, 0x00000000e0000000)
  object space 87552K, 8% used [0x00000000a0000000,0x00000000a070af18,0x00000000a5580000)
 Metaspace       used 20682K, capacity 21214K, committed 21296K, reserved 1067008K
  class space    used 2985K, capacity 3165K, committed 3200K, reserved 1048576K
}
Event: 2.561 GC heap before
{Heap before GC invocations=7 (full 1):
 PSYoungGen      total 75264K, used 9383K [0x00000000e0000000, 0x00000000e5800000, 0x0000000100000000)
  eden space 65024K, 0% used [0x00000000e0000000,0x00000000e0000000,0x00000000e3f80000)
  from space 10240K, 91% used [0x00000000e4b00000,0x00000000e5429c78,0x00000000e5500000)
  to   space 11776K, 0% used [0x00000000e3f80000,0x00000000e3f80000,0x00000000e4b00000)
 ParOldGen       total 87552K, used 7211K [0x00000000a0000000, 0x00000000a5580000, 0x00000000e0000000)
  object space 87552K, 8% used [0x00000000a0000000,0x00000000a070af18,0x00000000a5580000)
 Metaspace       used 20682K, capacity 21214K, committed 21296K, reserved 1067008K
  class space    used 2985K, capacity 3165K, committed 3200K, reserved 1048576K
Event: 2.586 GC heap after
Heap after GC invocations=7 (full 1):
 PSYoungGen      total 75264K, used 0K [0x00000000e0000000, 0x00000000e5800000, 0x0000000100000000)
  eden space 65024K, 0% used [0x00000000e0000000,0x00000000e0000000,0x00000000e3f80000)
  from space 10240K, 0% used [0x00000000e4b00000,0x00000000e4b00000,0x00000000e5500000)
  to   space 11776K, 0% used [0x00000000e3f80000,0x00000000e3f80000,0x00000000e4b00000)
 ParOldGen       total 60416K, used 9961K [0x00000000a0000000, 0x00000000a3b00000, 0x00000000e0000000)
  object space 60416K, 16% used [0x00000000a0000000,0x00000000a09ba670,0x00000000a3b00000)
 Metaspace       used 20682K, capacity 21214K, committed 21296K, reserved 1067008K
  class space    used 2985K, capacity 3165K, committed 3200K, reserved 1048576K
}
Event: 3.254 GC heap before
{Heap before GC invocations=8 (full 1):
 PSYoungGen      total 75264K, used 65024K [0x00000000e0000000, 0x00000000e5800000, 0x0000000100000000)
  eden space 65024K, 100% used [0x00000000e0000000,0x00000000e3f80000,0x00000000e3f80000)
  from space 10240K, 0% used [0x00000000e4b00000,0x00000000e4b00000,0x00000000e5500000)
  to   space 11776K, 0% used [0x00000000e3f80000,0x00000000e3f80000,0x00000000e4b00000)
 ParOldGen       total 60416K, used 9961K [0x00000000a0000000, 0x00000000a3b00000, 0x00000000e0000000)
  object space 60416K, 16% used [0x00000000a0000000,0x00000000a09ba670,0x00000000a3b00000)
 Metaspace       used 29124K, capacity 29716K, committed 29952K, reserved 1075200K
  class space    used 3920K, capacity 4071K, committed 4096K, reserved 1048576K
Event: 3.260 GC heap after
Heap after GC invocations=8 (full 1):
 PSYoungGen      total 76800K, used 8106K [0x00000000e0000000, 0x00000000e5800000, 0x0000000100000000)
  eden space 65024K, 0% used [0x00000000e0000000,0x00000000e0000000,0x00000000e3f80000)
  from space 11776K, 68% used [0x00000000e3f80000,0x00000000e476ab30,0x00000000e4b00000)
  to   space 10240K, 0% used [0x00000000e4b00000,0x00000000e4b00000,0x00000000e5500000)
 ParOldGen       total 60416K, used 9969K [0x00000000a0000000, 0x00000000a3b00000, 0x00000000e0000000)
  object space 60416K, 16% used [0x00000000a0000000,0x00000000a09bc670,0x00000000a3b00000)
 Metaspace       used 29124K, capacity 29716K, committed 29952K, reserved 1075200K
  class space    used 3920K, capacity 4071K, committed 4096K, reserved 1048576K
}

