# JRE version: OpenJDK Runtime Environment (8.0_212-b04) (build 1.8.0_212-release-1586-b04)
# Java VM: OpenJDK 64-Bit Server VM (25.212-b04 mixed mode windows-amd64 compressed oops)
Heap:
 PSYoungGen      total 148992K, used 74964K [0x00000000d5980000, 0x00000000e0200000, 0x0000000100000000)
  eden space 133120K, 44% used [0x00000000d5980000,0x00000000d933c4e0,0x00000000ddb80000)
  from space 15872K, 99% used [0x00000000df280000,0x00000000e01f8ea0,0x00000000e0200000)
  to   space 5120K, 0% used [0x00000000ddb80000,0x00000000ddb80000,0x00000000de080000)
 ParOldGen       total 111616K, used 28197K [0x0000000080c00000, 0x0000000087900000, 0x00000000d5980000)
  object space 111616K, 25% used [0x0000000080c00000,0x00000000827897c8,0x0000000087900000)
 Metaspace       used 52443K, capacity 53331K, committed 53760K, reserved 1095680K
  class space    used 6339K, capacity 6575K, committed 6656K, reserved 1048576K
GC Heap History (10 events):
Event: 1.048 GC heap before
{Heap before GC invocations=4 (full 1):
 PSYoungGen      total 71680K, used 5108K [0x00000000d5980000, 0x00000000de580000, 0x0000000100000000)
  eden space 66560K, 0% used [0x00000000d5980000,0x00000000d5980000,0x00000000d9a80000)
  from space 5120K, 99% used [0x00000000d9a80000,0x00000000d9f7d030,0x00000000d9f80000)
  to   space 5120K, 0% used [0x00000000de080000,0x00000000de080000,0x00000000de580000)
 ParOldGen       total 87552K, used 11717K [0x0000000080c00000, 0x0000000086180000, 0x00000000d5980000)
  object space 87552K, 13% used [0x0000000080c00000,0x00000000817715d8,0x0000000086180000)
 Metaspace       used 20749K, capacity 21136K, committed 21296K, reserved 1069056K
  class space    used 2464K, capacity 2623K, committed 2688K, reserved 1048576K
Event: 1.073 GC heap after
Heap after GC invocations=4 (full 1):
 PSYoungGen      total 71680K, used 0K [0x00000000d5980000, 0x00000000de580000, 0x0000000100000000)
  eden space 66560K, 0% used [0x00000000d5980000,0x00000000d5980000,0x00000000d9a80000)
  from space 5120K, 0% used [0x00000000d9a80000,0x00000000d9a80000,0x00000000d9f80000)
  to   space 5120K, 0% used [0x00000000de080000,0x00000000de080000,0x00000000de580000)
 ParOldGen       total 65536K, used 8840K [0x0000000080c00000, 0x0000000084c00000, 0x00000000d5980000)
  object space 65536K, 13% used [0x0000000080c00000,0x00000000814a20a8,0x0000000084c00000)
 Metaspace       used 20749K, capacity 21136K, committed 21296K, reserved 1069056K
  class space    used 2464K, capacity 2623K, committed 2688K, reserved 1048576K
}
Event: 1.745 GC heap before
{Heap before GC invocations=5 (full 1):
 PSYoungGen      total 71680K, used 66560K [0x00000000d5980000, 0x00000000de580000, 0x0000000100000000)
  eden space 66560K, 100% used [0x00000000d5980000,0x00000000d9a80000,0x00000000d9a80000)
  from space 5120K, 0% used [0x00000000d9a80000,0x00000000d9a80000,0x00000000d9f80000)
  to   space 5120K, 0% used [0x00000000de080000,0x00000000de080000,0x00000000de580000)
 ParOldGen       total 65536K, used 8840K [0x0000000080c00000, 0x0000000084c00000, 0x00000000d5980000)
  object space 65536K, 13% used [0x0000000080c00000,0x00000000814a20a8,0x0000000084c00000)
 Metaspace       used 30481K, capacity 31033K, committed 31232K, reserved 1077248K
  class space    used 3899K, capacity 4051K, committed 4096K, reserved 1048576K
Event: 1.755 GC heap after
Heap after GC invocations=5 (full 1):
 PSYoungGen      total 101888K, used 5090K [0x00000000d5980000, 0x00000000de580000, 0x0000000100000000)
  eden space 96768K, 0% used [0x00000000d5980000,0x00000000d5980000,0x00000000db800000)
  from space 5120K, 99% used [0x00000000de080000,0x00000000de578918,0x00000000de580000)
  to   space 5120K, 0% used [0x00000000ddb80000,0x00000000ddb80000,0x00000000de080000)
 ParOldGen       total 65536K, used 20597K [0x0000000080c00000, 0x0000000084c00000, 0x00000000d5980000)
  object space 65536K, 31% used [0x0000000080c00000,0x000000008201d700,0x0000000084c00000)
 Metaspace       used 30481K, capacity 31033K, committed 31232K, reserved 1077248K
  class space    used 3899K, capacity 4051K, committed 4096K, reserved 1048576K
}
Event: 2.048 GC heap before
{Heap before GC invocations=6 (full 1):
 PSYoungGen      total 101888K, used 28699K [0x00000000d5980000, 0x00000000de580000, 0x0000000100000000)
  eden space 96768K, 24% used [0x00000000d5980000,0x00000000d708e690,0x00000000db800000)
  from space 5120K, 99% used [0x00000000de080000,0x00000000de578918,0x00000000de580000)
  to   space 5120K, 0% used [0x00000000ddb80000,0x00000000ddb80000,0x00000000de080000)
 ParOldGen       total 65536K, used 20597K [0x0000000080c00000, 0x0000000084c00000, 0x00000000d5980000)
  object space 65536K, 31% used [0x0000000080c00000,0x000000008201d700,0x0000000084c00000)
 Metaspace       used 34762K, capacity 35283K, committed 35496K, reserved 1081344K
  class space    used 4443K, capacity 4591K, committed 4608K, reserved 1048576K
Event: 2.054 GC heap after
Heap after GC invocations=6 (full 1):
 PSYoungGen      total 138240K, used 5090K [0x00000000d5980000, 0x00000000e0200000, 0x0000000100000000)
  eden space 133120K, 0% used [0x00000000d5980000,0x00000000d5980000,0x00000000ddb80000)
  from space 5120K, 99% used [0x00000000ddb80000,0x00000000de078918,0x00000000de080000)
  to   space 15872K, 0% used [0x00000000df280000,0x00000000df280000,0x00000000e0200000)
 ParOldGen       total 65536K, used 25841K [0x0000000080c00000, 0x0000000084c00000, 0x00000000d5980000)
  object space 65536K, 39% used [0x0000000080c00000,0x000000008253c7d0,0x0000000084c00000)
 Metaspace       used 34762K, capacity 35283K, committed 35496K, reserved 1081344K
  class space    used 4443K, capacity 4591K, committed 4608K, reserved 1048576K
}
Event: 2.054 GC heap before
{Heap before GC invocations=7 (full 2):
 PSYoungGen      total 138240K, used 5090K [0x00000000d5980000, 0x00000000e0200000, 0x0000000100000000)
  eden space 133120K, 0% used [0x00000000d5980000,0x00000000d5980000,0x00000000ddb80000)
  from space 5120K, 99% used [0x00000000ddb80000,0x00000000de078918,0x00000000de080000)
  to   space 15872K, 0% used [0x00000000df280000,0x00000000df280000,0x00000000e0200000)
 ParOldGen       total 65536K, used 25841K [0x0000000080c00000, 0x0000000084c00000, 0x00000000d5980000)
  object space 65536K, 39% used [0x0000000080c00000,0x000000008253c7d0,0x0000000084c00000)
 Metaspace       used 34762K, capacity 35283K, committed 35496K, reserved 1081344K
  class space    used 4443K, capacity 4591K, committed 4608K, reserved 1048576K
Event: 2.091 GC heap after
Heap after GC invocations=7 (full 2):
 PSYoungGen      total 138240K, used 0K [0x00000000d5980000, 0x00000000e0200000, 0x0000000100000000)
  eden space 133120K, 0% used [0x00000000d5980000,0x00000000d5980000,0x00000000ddb80000)
  from space 5120K, 0% used [0x00000000ddb80000,0x00000000ddb80000,0x00000000de080000)
  to   space 15872K, 0% used [0x00000000df280000,0x00000000df280000,0x00000000e0200000)
 ParOldGen       total 111616K, used 18061K [0x0000000080c00000, 0x0000000087900000, 0x00000000d5980000)
  object space 111616K, 16% used [0x0000000080c00000,0x0000000081da3748,0x0000000087900000)
 Metaspace       used 34762K, capacity 35283K, committed 35496K, reserved 1081344K
  class space    used 4443K, capacity 4591K, committed 4608K, reserved 1048576K
}
Event: 3.455 GC heap before
{Heap before GC invocations=8 (full 2):
 PSYoungGen      total 138240K, used 133120K [0x00000000d5980000, 0x00000000e0200000, 0x0000000100000000)
  eden space 133120K, 100% used [0x00000000d5980000,0x00000000ddb80000,0x00000000ddb80000)
  from space 5120K, 0% used [0x00000000ddb80000,0x00000000ddb80000,0x00000000de080000)
  to   space 15872K, 0% used [0x00000000df280000,0x00000000df280000,0x00000000e0200000)
 ParOldGen       total 111616K, used 18061K [0x0000000080c00000, 0x0000000087900000, 0x00000000d5980000)
  object space 111616K, 16% used [0x0000000080c00000,0x0000000081da3748,0x0000000087900000)
 Metaspace       used 44362K, capacity 45117K, committed 45440K, reserved 1089536K
  class space    used 5544K, capacity 5706K, committed 5760K, reserved 1048576K
Event: 3.473 GC heap after
Heap after GC invocations=8 (full 2):
 PSYoungGen      total 148992K, used 15843K [0x00000000d5980000, 0x00000000e0200000, 0x0000000100000000)
  eden space 133120K, 0% used [0x00000000d5980000,0x00000000d5980000,0x00000000ddb80000)
  from space 15872K, 99% used [0x00000000df280000,0x00000000e01f8ea0,0x00000000e0200000)
  to   space 5120K, 0% used [0x00000000ddb80000,0x00000000ddb80000,0x00000000de080000)
 ParOldGen       total 111616K, used 28197K [0x0000000080c00000, 0x0000000087900000, 0x00000000d5980000)
  object space 111616K, 25% used [0x0000000080c00000,0x00000000827897c8,0x0000000087900000)
 Metaspace       used 44362K, capacity 45117K, committed 45440K, reserved 1089536K
  class space    used 5544K, capacity 5706K, committed 5760K, reserved 1048576K
}

