# JRE version: OpenJDK Runtime Environment (8.0_212-b04) (build 1.8.0_212-release-1586-b04)
# Java VM: OpenJDK 64-Bit Server VM (25.212-b04 mixed mode windows-amd64 compressed oops)
Heap:
 PSYoungGen      total 138240K, used 61105K [0x00000000d5980000, 0x00000000e0600000, 0x0000000100000000)
  eden space 133120K, 45% used [0x00000000d5980000,0x00000000d952c498,0x00000000ddb80000)
  from space 5120K, 0% used [0x00000000ddb80000,0x00000000ddb80000,0x00000000de080000)
  to   space 14848K, 0% used [0x00000000df780000,0x00000000df780000,0x00000000e0600000)
 ParOldGen       total 64512K, used 18425K [0x0000000080c00000, 0x0000000084b00000, 0x00000000d5980000)
  object space 64512K, 28% used [0x0000000080c00000,0x0000000081dfe4a0,0x0000000084b00000)
 Metaspace       used 39473K, capacity 40139K, committed 40576K, reserved 1085440K
  class space    used 4955K, capacity 5131K, committed 5248K, reserved 1048576K
GC Heap History (10 events):
Event: 1.072 GC heap before
{Heap before GC invocations=3 (full 0):
 PSYoungGen      total 71680K, used 22811K [0x00000000d5980000, 0x00000000da480000, 0x0000000100000000)
  eden space 66560K, 26% used [0x00000000d5980000,0x00000000d6aca2e8,0x00000000d9a80000)
  from space 5120K, 99% used [0x00000000d9f80000,0x00000000da47cac8,0x00000000da480000)
  to   space 5120K, 0% used [0x00000000d9a80000,0x00000000d9a80000,0x00000000d9f80000)
 ParOldGen       total 87552K, used 7817K [0x0000000080c00000, 0x0000000086180000, 0x00000000d5980000)
  object space 87552K, 8% used [0x0000000080c00000,0x00000000813a2730,0x0000000086180000)
 Metaspace       used 20739K, capacity 21136K, committed 21296K, reserved 1069056K
  class space    used 2464K, capacity 2623K, committed 2688K, reserved 1048576K
Event: 1.079 GC heap after
Heap after GC invocations=3 (full 0):
 PSYoungGen      total 71680K, used 5092K [0x00000000d5980000, 0x00000000de580000, 0x0000000100000000)
  eden space 66560K, 0% used [0x00000000d5980000,0x00000000d5980000,0x00000000d9a80000)
  from space 5120K, 99% used [0x00000000d9a80000,0x00000000d9f79040,0x00000000d9f80000)
  to   space 5120K, 0% used [0x00000000de080000,0x00000000de080000,0x00000000de580000)
 ParOldGen       total 87552K, used 11713K [0x0000000080c00000, 0x0000000086180000, 0x00000000d5980000)
  object space 87552K, 13% used [0x0000000080c00000,0x0000000081770668,0x0000000086180000)
 Metaspace       used 20739K, capacity 21136K, committed 21296K, reserved 1069056K
  class space    used 2464K, capacity 2623K, committed 2688K, reserved 1048576K
}
Event: 1.079 GC heap before
{Heap before GC invocations=4 (full 1):
 PSYoungGen      total 71680K, used 5092K [0x00000000d5980000, 0x00000000de580000, 0x0000000100000000)
  eden space 66560K, 0% used [0x00000000d5980000,0x00000000d5980000,0x00000000d9a80000)
  from space 5120K, 99% used [0x00000000d9a80000,0x00000000d9f79040,0x00000000d9f80000)
  to   space 5120K, 0% used [0x00000000de080000,0x00000000de080000,0x00000000de580000)
 ParOldGen       total 87552K, used 11713K [0x0000000080c00000, 0x0000000086180000, 0x00000000d5980000)
  object space 87552K, 13% used [0x0000000080c00000,0x0000000081770668,0x0000000086180000)
 Metaspace       used 20739K, capacity 21136K, committed 21296K, reserved 1069056K
  class space    used 2464K, capacity 2623K, committed 2688K, reserved 1048576K
Event: 1.100 GC heap after
Heap after GC invocations=4 (full 1):
 PSYoungGen      total 71680K, used 0K [0x00000000d5980000, 0x00000000de580000, 0x0000000100000000)
  eden space 66560K, 0% used [0x00000000d5980000,0x00000000d5980000,0x00000000d9a80000)
  from space 5120K, 0% used [0x00000000d9a80000,0x00000000d9a80000,0x00000000d9f80000)
  to   space 5120K, 0% used [0x00000000de080000,0x00000000de080000,0x00000000de580000)
 ParOldGen       total 64512K, used 8837K [0x0000000080c00000, 0x0000000084b00000, 0x00000000d5980000)
  object space 64512K, 13% used [0x0000000080c00000,0x00000000814a17c8,0x0000000084b00000)
 Metaspace       used 20739K, capacity 21136K, committed 21296K, reserved 1069056K
  class space    used 2464K, capacity 2623K, committed 2688K, reserved 1048576K
}
Event: 1.766 GC heap before
{Heap before GC invocations=5 (full 1):
 PSYoungGen      total 71680K, used 66560K [0x00000000d5980000, 0x00000000de580000, 0x0000000100000000)
  eden space 66560K, 100% used [0x00000000d5980000,0x00000000d9a80000,0x00000000d9a80000)
  from space 5120K, 0% used [0x00000000d9a80000,0x00000000d9a80000,0x00000000d9f80000)
  to   space 5120K, 0% used [0x00000000de080000,0x00000000de080000,0x00000000de580000)
 ParOldGen       total 64512K, used 8837K [0x0000000080c00000, 0x0000000084b00000, 0x00000000d5980000)
  object space 64512K, 13% used [0x0000000080c00000,0x00000000814a17c8,0x0000000084b00000)
 Metaspace       used 30029K, capacity 30549K, committed 30848K, reserved 1077248K
  class space    used 3737K, capacity 3891K, committed 3968K, reserved 1048576K
Event: 1.776 GC heap after
Heap after GC invocations=5 (full 1):
 PSYoungGen      total 103936K, used 5090K [0x00000000d5980000, 0x00000000de580000, 0x0000000100000000)
  eden space 98816K, 0% used [0x00000000d5980000,0x00000000d5980000,0x00000000dba00000)
  from space 5120K, 99% used [0x00000000de080000,0x00000000de578918,0x00000000de580000)
  to   space 5120K, 0% used [0x00000000ddb80000,0x00000000ddb80000,0x00000000de080000)
 ParOldGen       total 64512K, used 20069K [0x0000000080c00000, 0x0000000084b00000, 0x00000000d5980000)
  object space 64512K, 31% used [0x0000000080c00000,0x0000000081f99700,0x0000000084b00000)
 Metaspace       used 30029K, capacity 30549K, committed 30848K, reserved 1077248K
  class space    used 3737K, capacity 3891K, committed 3968K, reserved 1048576K
}
Event: 2.100 GC heap before
{Heap before GC invocations=6 (full 1):
 PSYoungGen      total 103936K, used 31208K [0x00000000d5980000, 0x00000000de580000, 0x0000000100000000)
  eden space 98816K, 26% used [0x00000000d5980000,0x00000000d7301a98,0x00000000dba00000)
  from space 5120K, 99% used [0x00000000de080000,0x00000000de578918,0x00000000de580000)
  to   space 5120K, 0% used [0x00000000ddb80000,0x00000000ddb80000,0x00000000de080000)
 ParOldGen       total 64512K, used 20069K [0x0000000080c00000, 0x0000000084b00000, 0x00000000d5980000)
  object space 64512K, 31% used [0x0000000080c00000,0x0000000081f99700,0x0000000084b00000)
 Metaspace       used 34753K, capacity 35281K, committed 35496K, reserved 1081344K
  class space    used 4443K, capacity 4592K, committed 4608K, reserved 1048576K
Event: 2.107 GC heap after
Heap after GC invocations=6 (full 1):
 PSYoungGen      total 138240K, used 5118K [0x00000000d5980000, 0x00000000e0600000, 0x0000000100000000)
  eden space 133120K, 0% used [0x00000000d5980000,0x00000000d5980000,0x00000000ddb80000)
  from space 5120K, 99% used [0x00000000ddb80000,0x00000000de07fbf0,0x00000000de080000)
  to   space 14848K, 0% used [0x00000000df780000,0x00000000df780000,0x00000000e0600000)
 ParOldGen       total 64512K, used 25839K [0x0000000080c00000, 0x0000000084b00000, 0x00000000d5980000)
  object space 64512K, 40% used [0x0000000080c00000,0x000000008253bcd8,0x0000000084b00000)
 Metaspace       used 34753K, capacity 35281K, committed 35496K, reserved 1081344K
  class space    used 4443K, capacity 4592K, committed 4608K, reserved 1048576K
}
Event: 2.107 GC heap before
{Heap before GC invocations=7 (full 2):
 PSYoungGen      total 138240K, used 5118K [0x00000000d5980000, 0x00000000e0600000, 0x0000000100000000)
  eden space 133120K, 0% used [0x00000000d5980000,0x00000000d5980000,0x00000000ddb80000)
  from space 5120K, 99% used [0x00000000ddb80000,0x00000000de07fbf0,0x00000000de080000)
  to   space 14848K, 0% used [0x00000000df780000,0x00000000df780000,0x00000000e0600000)
 ParOldGen       total 64512K, used 25839K [0x0000000080c00000, 0x0000000084b00000, 0x00000000d5980000)
  object space 64512K, 40% used [0x0000000080c00000,0x000000008253bcd8,0x0000000084b00000)
 Metaspace       used 34753K, capacity 35281K, committed 35496K, reserved 1081344K
  class space    used 4443K, capacity 4592K, committed 4608K, reserved 1048576K
Event: 2.148 GC heap after
Heap after GC invocations=7 (full 2):
 PSYoungGen      total 138240K, used 0K [0x00000000d5980000, 0x00000000e0600000, 0x0000000100000000)
  eden space 133120K, 0% used [0x00000000d5980000,0x00000000d5980000,0x00000000ddb80000)
  from space 5120K, 0% used [0x00000000ddb80000,0x00000000ddb80000,0x00000000de080000)
  to   space 14848K, 0% used [0x00000000df780000,0x00000000df780000,0x00000000e0600000)
 ParOldGen       total 64512K, used 18425K [0x0000000080c00000, 0x0000000084b00000, 0x00000000d5980000)
  object space 64512K, 28% used [0x0000000080c00000,0x0000000081dfe4a0,0x0000000084b00000)
 Metaspace       used 34753K, capacity 35281K, committed 35496K, reserved 1081344K
  class space    used 4443K, capacity 4592K, committed 4608K, reserved 1048576K
}

